  BallBat.cpp
d:\comp4411-animator\modelerglobals.h(88): warning C4018: '<': signed/unsigned mismatch
d:\comp4411-animator\modelerglobals.h(90): warning C4018: '>=': signed/unsigned mismatch
d:\comp4411-animator\ballbat.cpp(73): warning C4305: 'initializing': truncation from 'double' to 'float'
d:\comp4411-animator\ballbat.cpp(74): warning C4305: 'initializing': truncation from 'double' to 'float'
d:\comp4411-animator\ballbat.cpp(76): warning C4305: 'argument': truncation from 'double' to 'float'
d:\comp4411-animator\ballbat.cpp(77): warning C4305: 'argument': truncation from 'double' to 'float'
d:\comp4411-animator\ballbat.cpp(77): warning C4244: 'argument': conversion from 'float' to 'int', possible loss of data
d:\comp4411-animator\ballbat.cpp(109): warning C4244: 'argument': conversion from 'double' to 'int', possible loss of data
d:\comp4411-animator\ballbat.cpp(112): warning C4244: '=': conversion from 'int' to 'float', possible loss of data
d:\comp4411-animator\ballbat.cpp(113): warning C4244: '=': conversion from 'int' to 'float', possible loss of data
d:\comp4411-animator\ballbat.cpp(114): warning C4244: '=': conversion from 'int' to 'float', possible loss of data
d:\comp4411-animator\ballbat.cpp(129): warning C4305: '=': truncation from 'double' to 'float'
d:\comp4411-animator\ballbat.cpp(130): warning C4305: '=': truncation from 'double' to 'float'
d:\comp4411-animator\ballbat.cpp(131): warning C4244: '=': conversion from 'int' to 'float', possible loss of data
d:\comp4411-animator\ballbat.cpp(132): warning C4244: '=': conversion from 'int' to 'float', possible loss of data
d:\comp4411-animator\ballbat.cpp(180): warning C4244: 'argument': conversion from '__int64' to 'double', possible loss of data
d:\comp4411-animator\ballbat.cpp(183): warning C4244: 'argument': conversion from '__int64' to 'double', possible loss of data
d:\comp4411-animator\ballbat.cpp(184): warning C4244: 'argument': conversion from '__int64' to 'double', possible loss of data
d:\comp4411-animator\ballbat.cpp(187): warning C4244: 'argument': conversion from '__int64' to 'double', possible loss of data
  LegPhysics.cpp
d:\comp4411-animator\modelerglobals.h(88): warning C4018: '<': signed/unsigned mismatch
d:\comp4411-animator\modelerglobals.h(90): warning C4018: '>=': signed/unsigned mismatch
d:\comp4411-animator\legphysics.cpp(8): warning C4244: '=': conversion from 'int' to 'float', possible loss of data
d:\comp4411-animator\legphysics.cpp(9): warning C4244: '=': conversion from 'int' to 'float', possible loss of data
d:\comp4411-animator\legphysics.cpp(10): warning C4244: '=': conversion from 'int' to 'float', possible loss of data
d:\comp4411-animator\legphysics.cpp(29): warning C4244: '-=': conversion from 'double' to 'float', possible loss of data
d:\comp4411-animator\legphysics.cpp(47): warning C4244: 'argument': conversion from 'double' to 'float', possible loss of data
d:\comp4411-animator\legphysics.cpp(47): warning C4244: '=': conversion from 'double' to 'float', possible loss of data
d:\comp4411-animator\legphysics.cpp(50): warning C4244: 'argument': conversion from 'double' to 'float', possible loss of data
d:\comp4411-animator\legphysics.cpp(50): warning C4244: '=': conversion from 'double' to 'float', possible loss of data
d:\comp4411-animator\legphysics.cpp(53): warning C4244: 'argument': conversion from 'double' to 'float', possible loss of data
d:\comp4411-animator\legphysics.cpp(53): warning C4244: '=': conversion from 'double' to 'float', possible loss of data
d:\comp4411-animator\legphysics.cpp(60): warning C4244: '=': conversion from 'double' to 'float', possible loss of data
d:\comp4411-animator\legphysics.cpp(73): warning C4244: '=': conversion from 'double' to 'float', possible loss of data
d:\comp4411-animator\legphysics.cpp(82): warning C4244: '=': conversion from 'double' to 'float', possible loss of data
d:\comp4411-animator\legphysics.cpp(89): warning C4244: '=': conversion from 'double' to 'float', possible loss of data
d:\comp4411-animator\legphysics.cpp(94): warning C4244: '=': conversion from 'double' to 'float', possible loss of data
d:\comp4411-animator\legphysics.cpp(104): warning C4244: '+=': conversion from 'double' to 'float', possible loss of data
  Generating Code...
  Animator.vcxproj -> D:\COMP4411-Animator\.\Release\modeler.exe
